<?xml version="1.0" encoding="UTF-8"?>
<testng-results skipped="0" failed="0" total="1" passed="1">
  <reporter-output>
  </reporter-output>
  <suite name="Command line suite" duration-ms="5961" started-at="2017-10-14T14:06:56Z" finished-at="2017-10-14T14:07:02Z">
    <groups>
    </groups>
    <test name="Command line test" duration-ms="5961" started-at="2017-10-14T14:06:56Z" finished-at="2017-10-14T14:07:02Z">
      <class name="TestProject.TestClass">
        <test-method status="PASS" signature="getDriver()[pri:0, instance:TestProject.TestClass@f5e5e3]" name="getDriver" is-config="true" duration-ms="3673" started-at="2017-10-14T17:06:56Z" finished-at="2017-10-14T17:07:00Z">
          <reporter-output>
          </reporter-output>
        </test-method> <!-- getDriver -->
        <test-method status="PASS" signature="testlogger()[pri:0, instance:TestProject.TestClass@f5e5e3]" name="testlogger" duration-ms="1664" started-at="2017-10-14T17:07:00Z" finished-at="2017-10-14T17:07:01Z">
          <reporter-output>
          </reporter-output>
        </test-method> <!-- testlogger -->
        <test-method status="PASS" signature="endTest()[pri:0, instance:TestProject.TestClass@f5e5e3]" name="endTest" is-config="true" duration-ms="614" started-at="2017-10-14T17:07:01Z" finished-at="2017-10-14T17:07:02Z">
          <reporter-output>
          </reporter-output>
        </test-method> <!-- endTest -->
      </class> <!-- TestProject.TestClass -->
    </test> <!-- Command line test -->
  </suite> <!-- Command line suite -->
</testng-results>
